Analysis & Synthesis report for Project2_top
Tue May  1 13:57:23 2018
Quartus Prime Version 17.1.0 Build 590 10/25/2017 SJ Lite Edition


---------------------
; Table of Contents ;
---------------------
  1. Legal Notice
  2. Analysis & Synthesis Summary
  3. Analysis & Synthesis Settings
  4. Parallel Compilation
  5. Analysis & Synthesis Source Files Read
  6. Analysis & Synthesis Resource Usage Summary
  7. Analysis & Synthesis Resource Utilization by Entity
  8. State Machine - |Project2_top|FSM:fsm0|y
  9. Registers Removed During Synthesis
 10. Removed Registers Triggering Further Register Optimizations
 11. General Register Statistics
 12. Multiplexer Restructuring Statistics (Restructuring Performed)
 13. Parameter Settings for User Entity Instance: Top-level Entity: |Project2_top
 14. Parameter Settings for User Entity Instance: FSM:fsm0
 15. Parameter Settings for User Entity Instance: Clock_divider:div
 16. Port Connectivity Checks: "SevenSegment:sev0"
 17. Port Connectivity Checks: "SevenSegment:sev1"
 18. Port Connectivity Checks: "SevenSegment:sev2"
 19. Port Connectivity Checks: "SevenSegment:sev3"
 20. Port Connectivity Checks: "BCD_counter:cnt"
 21. Port Connectivity Checks: "Delay:del"
 22. Port Connectivity Checks: "LFSR:gen"
 23. Post-Synthesis Netlist Statistics for Top Partition
 24. Elapsed Time Per Partition
 25. Analysis & Synthesis Messages
 26. Analysis & Synthesis Suppressed Messages



----------------
; Legal Notice ;
----------------
Copyright (C) 2017  Intel Corporation. All rights reserved.
Your use of Intel Corporation's design tools, logic functions 
and other software and tools, and its AMPP partner logic 
functions, and any output files from any of the foregoing 
(including device programming or simulation files), and any 
associated documentation or information are expressly subject 
to the terms and conditions of the Intel Program License 
Subscription Agreement, the Intel Quartus Prime License Agreement,
the Intel FPGA IP License Agreement, or other applicable license
agreement, including, without limitation, that your use is for
the sole purpose of programming logic devices manufactured by
Intel and sold by Intel or its authorized distributors.  Please
refer to the applicable agreement for further details.



+----------------------------------------------------------------------------------+
; Analysis & Synthesis Summary                                                     ;
+------------------------------------+---------------------------------------------+
; Analysis & Synthesis Status        ; Successful - Tue May  1 13:57:23 2018       ;
; Quartus Prime Version              ; 17.1.0 Build 590 10/25/2017 SJ Lite Edition ;
; Revision Name                      ; Project2_top                                ;
; Top-level Entity Name              ; Project2_top                                ;
; Family                             ; MAX 10                                      ;
; Total logic elements               ; 204                                         ;
;     Total combinational functions  ; 186                                         ;
;     Dedicated logic registers      ; 112                                         ;
; Total registers                    ; 112                                         ;
; Total pins                         ; 37                                          ;
; Total virtual pins                 ; 0                                           ;
; Total memory bits                  ; 0                                           ;
; Embedded Multiplier 9-bit elements ; 0                                           ;
; Total PLLs                         ; 0                                           ;
; UFM blocks                         ; 0                                           ;
; ADC blocks                         ; 0                                           ;
+------------------------------------+---------------------------------------------+


+----------------------------------------------------------------------------------------------------------------------+
; Analysis & Synthesis Settings                                                                                        ;
+----------------------------------------------------------------------------+--------------------+--------------------+
; Option                                                                     ; Setting            ; Default Value      ;
+----------------------------------------------------------------------------+--------------------+--------------------+
; Device                                                                     ; 10M50DAF484C7G     ;                    ;
; Top-level entity name                                                      ; Project2_top       ; Project2_top       ;
; Family name                                                                ; MAX 10             ; Cyclone V          ;
; Use smart compilation                                                      ; Off                ; Off                ;
; Enable parallel Assembler and TimeQuest Timing Analyzer during compilation ; On                 ; On                 ;
; Enable compact report table                                                ; Off                ; Off                ;
; Restructure Multiplexers                                                   ; Auto               ; Auto               ;
; Create Debugging Nodes for IP Cores                                        ; Off                ; Off                ;
; Preserve fewer node names                                                  ; On                 ; On                 ;
; Intel FPGA IP Evaluation Mode                                              ; Enable             ; Enable             ;
; Verilog Version                                                            ; Verilog_2001       ; Verilog_2001       ;
; VHDL Version                                                               ; VHDL_1993          ; VHDL_1993          ;
; State Machine Processing                                                   ; Auto               ; Auto               ;
; Safe State Machine                                                         ; Off                ; Off                ;
; Extract Verilog State Machines                                             ; On                 ; On                 ;
; Extract VHDL State Machines                                                ; On                 ; On                 ;
; Ignore Verilog initial constructs                                          ; Off                ; Off                ;
; Iteration limit for constant Verilog loops                                 ; 5000               ; 5000               ;
; Iteration limit for non-constant Verilog loops                             ; 250                ; 250                ;
; Add Pass-Through Logic to Inferred RAMs                                    ; On                 ; On                 ;
; Infer RAMs from Raw Logic                                                  ; On                 ; On                 ;
; Parallel Synthesis                                                         ; On                 ; On                 ;
; DSP Block Balancing                                                        ; Auto               ; Auto               ;
; NOT Gate Push-Back                                                         ; On                 ; On                 ;
; Power-Up Don't Care                                                        ; On                 ; On                 ;
; Remove Redundant Logic Cells                                               ; Off                ; Off                ;
; Remove Duplicate Registers                                                 ; On                 ; On                 ;
; Ignore CARRY Buffers                                                       ; Off                ; Off                ;
; Ignore CASCADE Buffers                                                     ; Off                ; Off                ;
; Ignore GLOBAL Buffers                                                      ; Off                ; Off                ;
; Ignore ROW GLOBAL Buffers                                                  ; Off                ; Off                ;
; Ignore LCELL Buffers                                                       ; Off                ; Off                ;
; Ignore SOFT Buffers                                                        ; On                 ; On                 ;
; Limit AHDL Integers to 32 Bits                                             ; Off                ; Off                ;
; Optimization Technique                                                     ; Balanced           ; Balanced           ;
; Carry Chain Length                                                         ; 70                 ; 70                 ;
; Auto Carry Chains                                                          ; On                 ; On                 ;
; Auto Open-Drain Pins                                                       ; On                 ; On                 ;
; Perform WYSIWYG Primitive Resynthesis                                      ; Off                ; Off                ;
; Auto ROM Replacement                                                       ; On                 ; On                 ;
; Auto RAM Replacement                                                       ; On                 ; On                 ;
; Auto DSP Block Replacement                                                 ; On                 ; On                 ;
; Auto Shift Register Replacement                                            ; Auto               ; Auto               ;
; Allow Shift Register Merging across Hierarchies                            ; Auto               ; Auto               ;
; Auto Clock Enable Replacement                                              ; On                 ; On                 ;
; Strict RAM Replacement                                                     ; Off                ; Off                ;
; Allow Synchronous Control Signals                                          ; On                 ; On                 ;
; Force Use of Synchronous Clear Signals                                     ; Off                ; Off                ;
; Auto RAM Block Balancing                                                   ; On                 ; On                 ;
; Auto RAM to Logic Cell Conversion                                          ; Off                ; Off                ;
; Auto Resource Sharing                                                      ; Off                ; Off                ;
; Allow Any RAM Size For Recognition                                         ; Off                ; Off                ;
; Allow Any ROM Size For Recognition                                         ; Off                ; Off                ;
; Allow Any Shift Register Size For Recognition                              ; Off                ; Off                ;
; Use LogicLock Constraints during Resource Balancing                        ; On                 ; On                 ;
; Ignore translate_off and synthesis_off directives                          ; Off                ; Off                ;
; Timing-Driven Synthesis                                                    ; On                 ; On                 ;
; Report Parameter Settings                                                  ; On                 ; On                 ;
; Report Source Assignments                                                  ; On                 ; On                 ;
; Report Connectivity Checks                                                 ; On                 ; On                 ;
; Ignore Maximum Fan-Out Assignments                                         ; Off                ; Off                ;
; Synchronization Register Chain Length                                      ; 2                  ; 2                  ;
; Power Optimization During Synthesis                                        ; Normal compilation ; Normal compilation ;
; HDL message level                                                          ; Level2             ; Level2             ;
; Suppress Register Optimization Related Messages                            ; Off                ; Off                ;
; Number of Removed Registers Reported in Synthesis Report                   ; 5000               ; 5000               ;
; Number of Swept Nodes Reported in Synthesis Report                         ; 5000               ; 5000               ;
; Number of Inverted Registers Reported in Synthesis Report                  ; 100                ; 100                ;
; Clock MUX Protection                                                       ; On                 ; On                 ;
; Auto Gated Clock Conversion                                                ; Off                ; Off                ;
; Block Design Naming                                                        ; Auto               ; Auto               ;
; SDC constraint protection                                                  ; Off                ; Off                ;
; Synthesis Effort                                                           ; Auto               ; Auto               ;
; Shift Register Replacement - Allow Asynchronous Clear Signal               ; On                 ; On                 ;
; Pre-Mapping Resynthesis Optimization                                       ; Off                ; Off                ;
; Analysis & Synthesis Message Level                                         ; Medium             ; Medium             ;
; Disable Register Merging Across Hierarchies                                ; Auto               ; Auto               ;
; Resource Aware Inference For Block RAM                                     ; On                 ; On                 ;
+----------------------------------------------------------------------------+--------------------+--------------------+


+------------------------------------------+
; Parallel Compilation                     ;
+----------------------------+-------------+
; Processors                 ; Number      ;
+----------------------------+-------------+
; Number detected on machine ; 4           ;
; Maximum allowed            ; 2           ;
;                            ;             ;
; Average used               ; 1.00        ;
; Maximum used               ; 2           ;
;                            ;             ;
; Usage by Processor         ; % Time Used ;
;     Processor 1            ; 100.0%      ;
;     Processor 2            ;   0.0%      ;
+----------------------------+-------------+


+--------------------------------------------------------------------------------------------------------------------------------------------+
; Analysis & Synthesis Source Files Read                                                                                                     ;
+----------------------------------+-----------------+------------------------+----------------------------------------------------+---------+
; File Name with User-Entered Path ; Used in Netlist ; File Type              ; File Name with Absolute Path                       ; Library ;
+----------------------------------+-----------------+------------------------+----------------------------------------------------+---------+
; Project2_top.v                   ; yes             ; User Verilog HDL File  ; /home/chris/dev/ecen2350/Project_2/Project2_top.v  ;         ;
; Clock_divider.v                  ; yes             ; User Verilog HDL File  ; /home/chris/dev/ecen2350/Project_2/Clock_divider.v ;         ;
; SevenSegment.v                   ; yes             ; User Verilog HDL File  ; /home/chris/dev/ecen2350/Project_2/SevenSegment.v  ;         ;
; BCD_counter.v                    ; yes             ; User Verilog HDL File  ; /home/chris/dev/ecen2350/Project_2/BCD_counter.v   ;         ;
; LFSR.v                           ; yes             ; User Verilog HDL File  ; /home/chris/dev/ecen2350/Project_2/LFSR.v          ;         ;
; Delay.v                          ; yes             ; User Verilog HDL File  ; /home/chris/dev/ecen2350/Project_2/Delay.v         ;         ;
; FSM.v                            ; yes             ; User Verilog HDL File  ; /home/chris/dev/ecen2350/Project_2/FSM.v           ;         ;
; HighScore.v                      ; yes             ; User Verilog HDL File  ; /home/chris/dev/ecen2350/Project_2/HighScore.v     ;         ;
+----------------------------------+-----------------+------------------------+----------------------------------------------------+---------+


+---------------------------------------------------------+
; Analysis & Synthesis Resource Usage Summary             ;
+---------------------------------------------+-----------+
; Resource                                    ; Usage     ;
+---------------------------------------------+-----------+
; Estimated Total logic elements              ; 204       ;
;                                             ;           ;
; Total combinational functions               ; 186       ;
; Logic element usage by number of LUT inputs ;           ;
;     -- 4 input functions                    ; 78        ;
;     -- 3 input functions                    ; 24        ;
;     -- <=2 input functions                  ; 84        ;
;                                             ;           ;
; Logic elements by mode                      ;           ;
;     -- normal mode                          ; 113       ;
;     -- arithmetic mode                      ; 73        ;
;                                             ;           ;
; Total registers                             ; 112       ;
;     -- Dedicated logic registers            ; 112       ;
;     -- I/O registers                        ; 0         ;
;                                             ;           ;
; I/O pins                                    ; 37        ;
;                                             ;           ;
; Embedded Multiplier 9-bit elements          ; 0         ;
;                                             ;           ;
; Maximum fan-out node                        ; clk~input ;
; Maximum fan-out                             ; 53        ;
; Total fan-out                               ; 936       ;
; Average fan-out                             ; 2.52      ;
+---------------------------------------------+-----------+


+--------------------------------------------------------------------------------------------------------------------------------------------------------------------------------------------------------------------------------------------------+
; Analysis & Synthesis Resource Utilization by Entity                                                                                                                                                                                              ;
+----------------------------+---------------------+---------------------------+-------------+------------+--------------+---------+-----------+------+--------------+------------+---------------------------------+---------------+--------------+
; Compilation Hierarchy Node ; Combinational ALUTs ; Dedicated Logic Registers ; Memory Bits ; UFM Blocks ; DSP Elements ; DSP 9x9 ; DSP 18x18 ; Pins ; Virtual Pins ; ADC blocks ; Full Hierarchy Name             ; Entity Name   ; Library Name ;
+----------------------------+---------------------+---------------------------+-------------+------------+--------------+---------+-----------+------+--------------+------------+---------------------------------+---------------+--------------+
; |Project2_top              ; 186 (26)            ; 112 (20)                  ; 0           ; 0          ; 0            ; 0       ; 0         ; 37   ; 0            ; 0          ; |Project2_top                   ; Project2_top  ; work         ;
;    |BCD_counter:cnt|       ; 32 (32)             ; 20 (20)                   ; 0           ; 0          ; 0            ; 0       ; 0         ; 0    ; 0            ; 0          ; |Project2_top|BCD_counter:cnt   ; BCD_counter   ; work         ;
;    |Clock_divider:div|     ; 49 (49)             ; 33 (33)                   ; 0           ; 0          ; 0            ; 0       ; 0         ; 0    ; 0            ; 0          ; |Project2_top|Clock_divider:div ; Clock_divider ; work         ;
;    |Delay:del|             ; 17 (17)             ; 13 (13)                   ; 0           ; 0          ; 0            ; 0       ; 0         ; 0    ; 0            ; 0          ; |Project2_top|Delay:del         ; Delay         ; work         ;
;    |FSM:fsm0|              ; 4 (4)               ; 4 (4)                     ; 0           ; 0          ; 0            ; 0       ; 0         ; 0    ; 0            ; 0          ; |Project2_top|FSM:fsm0          ; FSM           ; work         ;
;    |HighScore:hs|          ; 22 (22)             ; 16 (16)                   ; 0           ; 0          ; 0            ; 0       ; 0         ; 0    ; 0            ; 0          ; |Project2_top|HighScore:hs      ; HighScore     ; work         ;
;    |LFSR:gen|              ; 8 (8)               ; 6 (6)                     ; 0           ; 0          ; 0            ; 0       ; 0         ; 0    ; 0            ; 0          ; |Project2_top|LFSR:gen          ; LFSR          ; work         ;
;    |SevenSegment:sev0|     ; 7 (7)               ; 0 (0)                     ; 0           ; 0          ; 0            ; 0       ; 0         ; 0    ; 0            ; 0          ; |Project2_top|SevenSegment:sev0 ; SevenSegment  ; work         ;
;    |SevenSegment:sev1|     ; 7 (7)               ; 0 (0)                     ; 0           ; 0          ; 0            ; 0       ; 0         ; 0    ; 0            ; 0          ; |Project2_top|SevenSegment:sev1 ; SevenSegment  ; work         ;
;    |SevenSegment:sev2|     ; 7 (7)               ; 0 (0)                     ; 0           ; 0          ; 0            ; 0       ; 0         ; 0    ; 0            ; 0          ; |Project2_top|SevenSegment:sev2 ; SevenSegment  ; work         ;
;    |SevenSegment:sev3|     ; 7 (7)               ; 0 (0)                     ; 0           ; 0          ; 0            ; 0       ; 0         ; 0    ; 0            ; 0          ; |Project2_top|SevenSegment:sev3 ; SevenSegment  ; work         ;
+----------------------------+---------------------+---------------------------+-------------+------------+--------------+---------+-----------+------+--------------+------------+---------------------------------+---------------+--------------+
Note: For table entries with two numbers listed, the numbers in parentheses indicate the number of resources of the given type used by the specific entity alone. The numbers listed outside of parentheses indicate the total resources of the given type used by the specific entity and all of its sub-entities in the hierarchy.


Encoding Type:  One-Hot
+------------------------------------------+
; State Machine - |Project2_top|FSM:fsm0|y ;
+------+-----+-----+-----+-----------------+
; Name ; y.D ; y.C ; y.B ; y.A             ;
+------+-----+-----+-----+-----------------+
; y.A  ; 0   ; 0   ; 0   ; 0               ;
; y.B  ; 0   ; 0   ; 1   ; 1               ;
; y.C  ; 0   ; 1   ; 0   ; 1               ;
; y.D  ; 1   ; 0   ; 0   ; 1               ;
+------+-----+-----+-----+-----------------+


+---------------------------------------------------------------------------------+
; Registers Removed During Synthesis                                              ;
+----------------------------------------+----------------------------------------+
; Register name                          ; Reason for Removal                     ;
+----------------------------------------+----------------------------------------+
; BCD_counter:cnt|initiate               ; Stuck at VCC due to stuck port data_in ;
; LFSR:gen|FinalD[0..3]                  ; Stuck at GND due to stuck port data_in ;
; init_BCD                               ; Lost fanout                            ;
; init_LFSR                              ; Stuck at VCC due to stuck port data_in ;
; LFSR:gen|FinalD[8]                     ; Merged with LFSR:gen|FinalD[4]         ;
; LFSR:gen|FinalD[9]                     ; Merged with LFSR:gen|FinalD[5]         ;
; LFSR:gen|FinalD[10]                    ; Merged with LFSR:gen|FinalD[6]         ;
; LFSR:gen|FinalD[11]                    ; Merged with LFSR:gen|FinalD[7]         ;
; LFSR:gen|Delay[1]                      ; Merged with LFSR:gen|FinalD[4]         ;
; LFSR:gen|Delay[2]                      ; Merged with LFSR:gen|FinalD[5]         ;
; FSM:fsm0|y~4                           ; Lost fanout                            ;
; FSM:fsm0|y~5                           ; Lost fanout                            ;
; Total Number of Removed Registers = 15 ;                                        ;
+----------------------------------------+----------------------------------------+


+-----------------------------------------------------------------------------------------------+
; Removed Registers Triggering Further Register Optimizations                                   ;
+--------------------------+---------------------------+----------------------------------------+
; Register name            ; Reason for Removal        ; Registers Removed due to This Register ;
+--------------------------+---------------------------+----------------------------------------+
; BCD_counter:cnt|initiate ; Stuck at VCC              ; init_BCD                               ;
;                          ; due to stuck port data_in ;                                        ;
+--------------------------+---------------------------+----------------------------------------+


+------------------------------------------------------+
; General Register Statistics                          ;
+----------------------------------------------+-------+
; Statistic                                    ; Value ;
+----------------------------------------------+-------+
; Total registers                              ; 112   ;
; Number of registers using Synchronous Clear  ; 21    ;
; Number of registers using Synchronous Load   ; 12    ;
; Number of registers using Asynchronous Clear ; 4     ;
; Number of registers using Asynchronous Load  ; 0     ;
; Number of registers using Clock Enable       ; 59    ;
; Number of registers using Preset             ; 0     ;
+----------------------------------------------+-------+


+-----------------------------------------------------------------------------------------------------------------------------------------------------+
; Multiplexer Restructuring Statistics (Restructuring Performed)                                                                                      ;
+--------------------+-----------+---------------+----------------------+------------------------+------------+---------------------------------------+
; Multiplexer Inputs ; Bus Width ; Baseline Area ; Area if Restructured ; Saving if Restructured ; Registered ; Example Multiplexer Output            ;
+--------------------+-----------+---------------+----------------------+------------------------+------------+---------------------------------------+
; 3:1                ; 4 bits    ; 8 LEs         ; 4 LEs                ; 4 LEs                  ; Yes        ; |Project2_top|Delay:del|count[1]      ;
; 3:1                ; 8 bits    ; 16 LEs        ; 8 LEs                ; 8 LEs                  ; Yes        ; |Project2_top|Delay:del|count[5]      ;
; 3:1                ; 5 bits    ; 10 LEs        ; 5 LEs                ; 5 LEs                  ; Yes        ; |Project2_top|BCD_counter:cnt|BCD0[4] ;
; 4:1                ; 5 bits    ; 10 LEs        ; 5 LEs                ; 5 LEs                  ; Yes        ; |Project2_top|BCD_counter:cnt|BCD1[3] ;
; 4:1                ; 5 bits    ; 10 LEs        ; 5 LEs                ; 5 LEs                  ; Yes        ; |Project2_top|BCD_counter:cnt|BCD2[0] ;
; 4:1                ; 5 bits    ; 10 LEs        ; 5 LEs                ; 5 LEs                  ; Yes        ; |Project2_top|BCD_counter:cnt|BCD3[0] ;
; 9:1                ; 16 bits   ; 96 LEs        ; 32 LEs               ; 64 LEs                 ; Yes        ; |Project2_top|temp0[0]                ;
+--------------------+-----------+---------------+----------------------+------------------------+------------+---------------------------------------+


+------------------------------------------------------------------------------+
; Parameter Settings for User Entity Instance: Top-level Entity: |Project2_top ;
+----------------+-------+-----------------------------------------------------+
; Parameter Name ; Value ; Type                                                ;
+----------------+-------+-----------------------------------------------------+
; Idle           ; 00    ; Unsigned Binary                                     ;
; Start          ; 01    ; Unsigned Binary                                     ;
; Finished       ; 10    ; Unsigned Binary                                     ;
; High_Score     ; 11    ; Unsigned Binary                                     ;
+----------------+-------+-----------------------------------------------------+
Note: In order to hide this table in the UI and the text report file, please set the "Show Parameter Settings in Synthesis Report" option in "Analysis and Synthesis Settings -> More Settings" to "Off".


+-------------------------------------------------------+
; Parameter Settings for User Entity Instance: FSM:fsm0 ;
+----------------+-------+------------------------------+
; Parameter Name ; Value ; Type                         ;
+----------------+-------+------------------------------+
; A              ; 00    ; Unsigned Binary              ;
; B              ; 01    ; Unsigned Binary              ;
; C              ; 10    ; Unsigned Binary              ;
; D              ; 11    ; Unsigned Binary              ;
+----------------+-------+------------------------------+
Note: In order to hide this table in the UI and the text report file, please set the "Show Parameter Settings in Synthesis Report" option in "Analysis and Synthesis Settings -> More Settings" to "Off".


+----------------------------------------------------------------+
; Parameter Settings for User Entity Instance: Clock_divider:div ;
+----------------+-------+---------------------------------------+
; Parameter Name ; Value ; Type                                  ;
+----------------+-------+---------------------------------------+
; n              ; 50000 ; Signed Integer                        ;
+----------------+-------+---------------------------------------+
Note: In order to hide this table in the UI and the text report file, please set the "Show Parameter Settings in Synthesis Report" option in "Analysis and Synthesis Settings -> More Settings" to "Off".


+----------------------------------------------------------------------------------------------------------------------------------------------------------------------------------------------------------------+
; Port Connectivity Checks: "SevenSegment:sev0"                                                                                                                                                                  ;
+--------+-------+----------+------------------------------------------------------------------------------------------------------------------------------------------------------------------------------------+
; Port   ; Type  ; Severity ; Details                                                                                                                                                                            ;
+--------+-------+----------+------------------------------------------------------------------------------------------------------------------------------------------------------------------------------------+
; bcd[4] ; Input ; Info     ; Stuck at GND                                                                                                                                                                       ;
; d      ; Input ; Warning  ; Input port expression (32 bits) is wider than the input port (1 bits) it drives.  The 31 most-significant bit(s) in the expression will be dangling if they have no other fanouts. ;
; d[-1]  ; Input ; Info     ; Stuck at VCC                                                                                                                                                                       ;
+--------+-------+----------+------------------------------------------------------------------------------------------------------------------------------------------------------------------------------------+


+----------------------------------------------------------------------------------------------------------------------------------------------------------------------------------------------------------------+
; Port Connectivity Checks: "SevenSegment:sev1"                                                                                                                                                                  ;
+--------+-------+----------+------------------------------------------------------------------------------------------------------------------------------------------------------------------------------------+
; Port   ; Type  ; Severity ; Details                                                                                                                                                                            ;
+--------+-------+----------+------------------------------------------------------------------------------------------------------------------------------------------------------------------------------------+
; bcd[4] ; Input ; Info     ; Stuck at GND                                                                                                                                                                       ;
; d      ; Input ; Warning  ; Input port expression (32 bits) is wider than the input port (1 bits) it drives.  The 31 most-significant bit(s) in the expression will be dangling if they have no other fanouts. ;
; d[-1]  ; Input ; Info     ; Stuck at VCC                                                                                                                                                                       ;
+--------+-------+----------+------------------------------------------------------------------------------------------------------------------------------------------------------------------------------------+


+----------------------------------------------------------------------------------------------------------------------------------------------------------------------------------------------------------------+
; Port Connectivity Checks: "SevenSegment:sev2"                                                                                                                                                                  ;
+--------+-------+----------+------------------------------------------------------------------------------------------------------------------------------------------------------------------------------------+
; Port   ; Type  ; Severity ; Details                                                                                                                                                                            ;
+--------+-------+----------+------------------------------------------------------------------------------------------------------------------------------------------------------------------------------------+
; bcd[4] ; Input ; Info     ; Stuck at GND                                                                                                                                                                       ;
; d      ; Input ; Warning  ; Input port expression (32 bits) is wider than the input port (1 bits) it drives.  The 31 most-significant bit(s) in the expression will be dangling if they have no other fanouts. ;
; d[-1]  ; Input ; Info     ; Stuck at VCC                                                                                                                                                                       ;
+--------+-------+----------+------------------------------------------------------------------------------------------------------------------------------------------------------------------------------------+


+----------------------------------------------------------------------------------------------------------------------------------------------------------------------------------------------------------------+
; Port Connectivity Checks: "SevenSegment:sev3"                                                                                                                                                                  ;
+--------+-------+----------+------------------------------------------------------------------------------------------------------------------------------------------------------------------------------------+
; Port   ; Type  ; Severity ; Details                                                                                                                                                                            ;
+--------+-------+----------+------------------------------------------------------------------------------------------------------------------------------------------------------------------------------------+
; bcd[4] ; Input ; Info     ; Stuck at GND                                                                                                                                                                       ;
; d      ; Input ; Warning  ; Input port expression (32 bits) is wider than the input port (1 bits) it drives.  The 31 most-significant bit(s) in the expression will be dangling if they have no other fanouts. ;
; d[-1]  ; Input ; Info     ; Stuck at GND                                                                                                                                                                       ;
+--------+-------+----------+------------------------------------------------------------------------------------------------------------------------------------------------------------------------------------+


+-------------------------------------------------------------------------------------------------------------------+
; Port Connectivity Checks: "BCD_counter:cnt"                                                                       ;
+---------+--------+----------+-------------------------------------------------------------------------------------+
; Port    ; Type   ; Severity ; Details                                                                             ;
+---------+--------+----------+-------------------------------------------------------------------------------------+
; BCD3[4] ; Output ; Info     ; Connected to dangling logic. Logic that only feeds a dangling port will be removed. ;
; BCD2[4] ; Output ; Info     ; Connected to dangling logic. Logic that only feeds a dangling port will be removed. ;
; BCD1[4] ; Output ; Info     ; Connected to dangling logic. Logic that only feeds a dangling port will be removed. ;
; BCD0[4] ; Output ; Info     ; Connected to dangling logic. Logic that only feeds a dangling port will be removed. ;
+---------+--------+----------+-------------------------------------------------------------------------------------+


+-----------------------------------------------------------------------------------------------------------------+
; Port Connectivity Checks: "Delay:del"                                                                           ;
+-------+--------+----------+-------------------------------------------------------------------------------------+
; Port  ; Type   ; Severity ; Details                                                                             ;
+-------+--------+----------+-------------------------------------------------------------------------------------+
; count ; Output ; Info     ; Connected to dangling logic. Logic that only feeds a dangling port will be removed. ;
+-------+--------+----------+-------------------------------------------------------------------------------------+


+----------------------------------------------+
; Port Connectivity Checks: "LFSR:gen"         ;
+------------+-------+----------+--------------+
; Port       ; Type  ; Severity ; Details      ;
+------------+-------+----------+--------------+
; Seed[2..1] ; Input ; Info     ; Stuck at GND ;
; Seed[3]    ; Input ; Info     ; Stuck at VCC ;
; Seed[0]    ; Input ; Info     ; Stuck at VCC ;
+------------+-------+----------+--------------+


+-----------------------------------------------------+
; Post-Synthesis Netlist Statistics for Top Partition ;
+-----------------------+-----------------------------+
; Type                  ; Count                       ;
+-----------------------+-----------------------------+
; boundary_port         ; 37                          ;
; cycloneiii_ff         ; 112                         ;
;     CLR               ; 4                           ;
;     ENA               ; 32                          ;
;     ENA SCLR          ; 15                          ;
;     ENA SLD           ; 12                          ;
;     SCLR              ; 6                           ;
;     plain             ; 43                          ;
; cycloneiii_lcell_comb ; 191                         ;
;     arith             ; 73                          ;
;         2 data inputs ; 58                          ;
;         3 data inputs ; 15                          ;
;     normal            ; 118                         ;
;         0 data inputs ; 2                           ;
;         1 data inputs ; 16                          ;
;         2 data inputs ; 13                          ;
;         3 data inputs ; 9                           ;
;         4 data inputs ; 78                          ;
;                       ;                             ;
; Max LUT depth         ; 9.50                        ;
; Average LUT depth     ; 3.87                        ;
+-----------------------+-----------------------------+


+-------------------------------+
; Elapsed Time Per Partition    ;
+----------------+--------------+
; Partition Name ; Elapsed Time ;
+----------------+--------------+
; Top            ; 00:00:00     ;
+----------------+--------------+


+-------------------------------+
; Analysis & Synthesis Messages ;
+-------------------------------+
Info: *******************************************************************
Info: Running Quartus Prime Analysis & Synthesis
    Info: Version 17.1.0 Build 590 10/25/2017 SJ Lite Edition
    Info: Processing started: Tue May  1 13:57:07 2018
Info: Command: quartus_map --read_settings_files=on --write_settings_files=off Project2_top -c Project2_top
Warning (18236): Number of processors has not been specified which may cause overloading on shared machines.  Set the global assignment NUM_PARALLEL_PROCESSORS in your QSF to an appropriate value for best performance.
Info (20030): Parallel compilation is enabled and will use 2 of the 2 processors detected
Info (12021): Found 1 design units, including 1 entities, in source file Project2_top.v
    Info (12023): Found entity 1: Project2_top File: /home/chris/dev/ecen2350/Project_2/Project2_top.v Line: 8
Info (12021): Found 1 design units, including 1 entities, in source file Clock_divider.v
    Info (12023): Found entity 1: Clock_divider File: /home/chris/dev/ecen2350/Project_2/Clock_divider.v Line: 7
Info (12021): Found 1 design units, including 1 entities, in source file SevenSegment.v
    Info (12023): Found entity 1: SevenSegment File: /home/chris/dev/ecen2350/Project_2/SevenSegment.v Line: 1
Info (12021): Found 1 design units, including 1 entities, in source file BCD_counter.v
    Info (12023): Found entity 1: BCD_counter File: /home/chris/dev/ecen2350/Project_2/BCD_counter.v Line: 8
Info (12021): Found 1 design units, including 1 entities, in source file LFSR.v
    Info (12023): Found entity 1: LFSR File: /home/chris/dev/ecen2350/Project_2/LFSR.v Line: 7
Info (12021): Found 1 design units, including 1 entities, in source file Delay.v
    Info (12023): Found entity 1: Delay File: /home/chris/dev/ecen2350/Project_2/Delay.v Line: 7
Info (12021): Found 1 design units, including 1 entities, in source file FSM.v
    Info (12023): Found entity 1: FSM File: /home/chris/dev/ecen2350/Project_2/FSM.v Line: 15
Warning (12019): Can't analyze file -- file output_files/HighScore.v is missing
Info (12021): Found 1 design units, including 1 entities, in source file HighScore.v
    Info (12023): Found entity 1: HighScore File: /home/chris/dev/ecen2350/Project_2/HighScore.v Line: 10
Warning (10236): Verilog HDL Implicit Net warning at Project2_top.v(33): created implicit net for "clk_div" File: /home/chris/dev/ecen2350/Project_2/Project2_top.v Line: 33
Info (12127): Elaborating entity "Project2_top" for the top level hierarchy
Warning (10230): Verilog HDL assignment warning at Project2_top.v(66): truncated value with size 5 to match size of target (4) File: /home/chris/dev/ecen2350/Project_2/Project2_top.v Line: 66
Warning (10230): Verilog HDL assignment warning at Project2_top.v(67): truncated value with size 5 to match size of target (4) File: /home/chris/dev/ecen2350/Project_2/Project2_top.v Line: 67
Warning (10230): Verilog HDL assignment warning at Project2_top.v(68): truncated value with size 5 to match size of target (4) File: /home/chris/dev/ecen2350/Project_2/Project2_top.v Line: 68
Warning (10230): Verilog HDL assignment warning at Project2_top.v(69): truncated value with size 5 to match size of target (4) File: /home/chris/dev/ecen2350/Project_2/Project2_top.v Line: 69
Info (12128): Elaborating entity "FSM" for hierarchy "FSM:fsm0" File: /home/chris/dev/ecen2350/Project_2/Project2_top.v Line: 32
Info (12128): Elaborating entity "Clock_divider" for hierarchy "Clock_divider:div" File: /home/chris/dev/ecen2350/Project_2/Project2_top.v Line: 33
Info (12128): Elaborating entity "LFSR" for hierarchy "LFSR:gen" File: /home/chris/dev/ecen2350/Project_2/Project2_top.v Line: 34
Info (12128): Elaborating entity "Delay" for hierarchy "Delay:del" File: /home/chris/dev/ecen2350/Project_2/Project2_top.v Line: 35
Warning (10230): Verilog HDL assignment warning at Delay.v(31): truncated value with size 32 to match size of target (12) File: /home/chris/dev/ecen2350/Project_2/Delay.v Line: 31
Info (12128): Elaborating entity "BCD_counter" for hierarchy "BCD_counter:cnt" File: /home/chris/dev/ecen2350/Project_2/Project2_top.v Line: 36
Warning (10230): Verilog HDL assignment warning at BCD_counter.v(47): truncated value with size 32 to match size of target (5) File: /home/chris/dev/ecen2350/Project_2/BCD_counter.v Line: 47
Warning (10230): Verilog HDL assignment warning at BCD_counter.v(50): truncated value with size 32 to match size of target (5) File: /home/chris/dev/ecen2350/Project_2/BCD_counter.v Line: 50
Warning (10230): Verilog HDL assignment warning at BCD_counter.v(53): truncated value with size 32 to match size of target (5) File: /home/chris/dev/ecen2350/Project_2/BCD_counter.v Line: 53
Warning (10230): Verilog HDL assignment warning at BCD_counter.v(56): truncated value with size 32 to match size of target (5) File: /home/chris/dev/ecen2350/Project_2/BCD_counter.v Line: 56
Info (12128): Elaborating entity "HighScore" for hierarchy "HighScore:hs" File: /home/chris/dev/ecen2350/Project_2/Project2_top.v Line: 37
Info (12128): Elaborating entity "SevenSegment" for hierarchy "SevenSegment:sev3" File: /home/chris/dev/ecen2350/Project_2/Project2_top.v Line: 39
Warning (12241): 4 hierarchies have connectivity warnings - see the Connectivity Checks report folder
Warning (13024): Output pins are stuck at VCC or GND
    Warning (13410): Pin "DEC0" is stuck at VCC File: /home/chris/dev/ecen2350/Project_2/Project2_top.v Line: 11
    Warning (13410): Pin "DEC1" is stuck at VCC File: /home/chris/dev/ecen2350/Project_2/Project2_top.v Line: 11
    Warning (13410): Pin "DEC2" is stuck at VCC File: /home/chris/dev/ecen2350/Project_2/Project2_top.v Line: 11
    Warning (13410): Pin "DEC3" is stuck at GND File: /home/chris/dev/ecen2350/Project_2/Project2_top.v Line: 11
Info (286030): Timing-Driven Synthesis is running
Info (17049): 3 registers lost all their fanouts during netlist optimizations.
Info (144001): Generated suppressed messages file /home/chris/dev/ecen2350/Project_2/output_files/Project2_top.map.smsg
Info (16010): Generating hard_block partition "hard_block:auto_generated_inst"
    Info (16011): Adding 0 node(s), including 0 DDIO, 0 PLL, 0 transceiver and 0 LCELL
Info (21057): Implemented 269 device resources after synthesis - the final resource count might be different
    Info (21058): Implemented 4 input pins
    Info (21059): Implemented 33 output pins
    Info (21061): Implemented 232 logic cells
Info: Quartus Prime Analysis & Synthesis was successful. 0 errors, 18 warnings
    Info: Peak virtual memory: 958 megabytes
    Info: Processing ended: Tue May  1 13:57:23 2018
    Info: Elapsed time: 00:00:16
    Info: Total CPU time (on all processors): 00:00:40


+------------------------------------------+
; Analysis & Synthesis Suppressed Messages ;
+------------------------------------------+
The suppressed messages can be found in /home/chris/dev/ecen2350/Project_2/output_files/Project2_top.map.smsg.


